<?xml version="1.0" encoding="UTF-8"?>
<testng-results ignored="0" total="5" passed="5" failed="0" skipped="0">
  <reporter-output>
  </reporter-output>
  <suite started-at="2024-08-02T14:45:12 IST" name="Test Suite for Buildout" finished-at="2024-08-02T14:49:33 IST" duration-ms="261189">
    <groups>
    </groups>
    <test started-at="2024-08-02T14:45:12 IST" name="Test Cases for Buildout" finished-at="2024-08-02T14:49:33 IST" duration-ms="261189">
      <class name="demo.TestCases">
        <test-method is-config="true" signature="startBrowser()[pri:0, instance:demo.TestCases@3336e6b6]" started-at="2024-08-02T14:45:12 IST" name="startBrowser" finished-at="2024-08-02T14:45:16 IST" duration-ms="3585" status="PASS">
          <reporter-output>
          </reporter-output>
        </test-method> <!-- startBrowser -->
        <test-method signature="testCase01()[pri:0, instance:demo.TestCases@3336e6b6]" started-at="2024-08-02T14:45:16 IST" name="testCase01" finished-at="2024-08-02T14:45:32 IST" duration-ms="16404" status="PASS">
          <reporter-output>
          </reporter-output>
        </test-method> <!-- testCase01 -->
        <test-method signature="testCase02()[pri:0, instance:demo.TestCases@3336e6b6]" started-at="2024-08-02T14:45:32 IST" name="testCase02" finished-at="2024-08-02T14:45:51 IST" duration-ms="19018" status="PASS">
          <reporter-output>
          </reporter-output>
        </test-method> <!-- testCase02 -->
        <test-method signature="testCase03()[pri:0, instance:demo.TestCases@3336e6b6]" started-at="2024-08-02T14:45:51 IST" name="testCase03" finished-at="2024-08-02T14:46:10 IST" duration-ms="18324" status="PASS">
          <reporter-output>
          </reporter-output>
        </test-method> <!-- testCase03 -->
        <test-method signature="testCase04()[pri:0, instance:demo.TestCases@3336e6b6]" started-at="2024-08-02T14:46:10 IST" name="testCase04" finished-at="2024-08-02T14:46:24 IST" duration-ms="14454" status="PASS">
          <reporter-output>
          </reporter-output>
        </test-method> <!-- testCase04 -->
        <test-method signature="testCase05()[pri:0, instance:demo.TestCases@3336e6b6]" started-at="2024-08-02T14:46:24 IST" name="testCase05" finished-at="2024-08-02T14:49:33 IST" duration-ms="188767" status="PASS">
          <reporter-output>
          </reporter-output>
        </test-method> <!-- testCase05 -->
        <test-method is-config="true" signature="endTest()[pri:0, instance:demo.TestCases@3336e6b6]" started-at="2024-08-02T14:49:33 IST" name="endTest" finished-at="2024-08-02T14:49:33 IST" duration-ms="568" status="PASS">
          <reporter-output>
          </reporter-output>
        </test-method> <!-- endTest -->
      </class> <!-- demo.TestCases -->
    </test> <!-- Test Cases for Buildout -->
  </suite> <!-- Test Suite for Buildout -->
</testng-results>
